<!DOCTYPE html>

<html>
<head>
    <meta charset='utf-8'>
    <title>TestNG reports</title>

    <link type="text/css" href="testng-reports.css" rel="stylesheet"/>
    <script type="text/javascript" src="jquery-3.4.1.min.js"></script>
    <script type="text/javascript" src="testng-reports.js"></script>
    <script type="text/javascript" src="https://www.google.com/jsapi"></script>
    <script type='text/javascript'>
        google.load('visualization', '1', {packages: ['table']});
        google.setOnLoadCallback(drawTable);
        var suiteTableInitFunctions = new Array();
        var suiteTableData = new Array();
    </script>
    <!--
      <script type="text/javascript" src="jquery-ui/js/jquery-ui-1.8.16.custom.min.js"></script>
     -->
</head>

<body>
<div class="top-banner-root">
    <span class="top-banner-title-font">Test results</span>
    <br/>
    <span class="top-banner-font-1">1 suite, 4 failed tests</span>
</div> <!-- top-banner-root -->
<div class="navigator-root">
    <div class="navigator-suite-header">
        <span>All suites</span>
        <a href="#" title="Collapse/expand all the suites" class="collapse-all-link">
            <img src="collapseall.gif" class="collapse-all-icon">
            </img> <!-- collapse-all-icon -->
        </a> <!-- collapse-all-link -->
    </div> <!-- navigator-suite-header -->
    <div class="suite">
        <div class="rounded-window">
            <div class="suite-header light-rounded-window-top">
                <a href="#" panel-name="suite-Master_Suite" class="navigator-link">
                    <span class="suite-name border-failed">Master Suite</span>
                </a> <!-- navigator-link -->
            </div> <!-- suite-header light-rounded-window-top -->
            <div class="navigator-suite-content">
                <div class="suite-section-title">
                    <span>Info</span>
                </div> <!-- suite-section-title -->
                <div class="suite-section-content">
                    <ul>
                        <li>
                            <a href="#" panel-name="test-xml-Master_Suite" class="navigator-link ">
                                <span>C:\Users\Anton\IdeaProjects\JavaCore2\testng.xml</span>
                            </a> <!-- navigator-link  -->
                        </li>
                        <li>
                            <a href="#" panel-name="testlist-Master_Suite" class="navigator-link ">
                                <span class="test-stats">1 test</span>
                            </a> <!-- navigator-link  -->
                        </li>
                        <li>
                            <a href="#" panel-name="group-Master_Suite" class="navigator-link ">
                                <span>0 groups</span>
                            </a> <!-- navigator-link  -->
                        </li>
                        <li>
                            <a href="#" panel-name="times-Master_Suite" class="navigator-link ">
                                <span>Times</span>
                            </a> <!-- navigator-link  -->
                        </li>
                        <li>
                            <a href="#" panel-name="reporter-Master_Suite" class="navigator-link ">
                                <span>Reporter output</span>
                            </a> <!-- navigator-link  -->
                        </li>
                        <li>
                            <a href="#" panel-name="ignored-methods-Master_Suite" class="navigator-link ">
                                <span>Ignored methods</span>
                            </a> <!-- navigator-link  -->
                        </li>
                        <li>
                            <a href="#" panel-name="chronological-Master_Suite" class="navigator-link ">
                                <span>Chronological view</span>
                            </a> <!-- navigator-link  -->
                        </li>
                    </ul>
                </div> <!-- suite-section-content -->
                <div class="result-section">
                    <div class="suite-section-title">
                        <span>Results</span>
                    </div> <!-- suite-section-title -->
                    <div class="suite-section-content">
                        <ul>
                            <li>
                                <span class="method-stats">9 methods, 4 failed,  5 skipped,  </span>
                            </li>
                            <li>
                                <span class="method-list-title failed">Failed methods</span>
                                <span class="show-or-hide-methods failed">
                      <a href="#" panel-name="suite-Master_Suite"
                         class="hide-methods failed suite-Master_Suite"> (hide)</a>
                                    <!-- hide-methods failed suite-Master_Suite -->
                      <a href="#" panel-name="suite-Master_Suite"
                         class="show-methods failed suite-Master_Suite"> (show)</a>
                                    <!-- show-methods failed suite-Master_Suite -->
                    </span>
                                <div class="method-list-content failed suite-Master_Suite">
                      <span>
                        <img src="failed.png" width="3%"/>
                        <a href="#" panel-name="suite-Master_Suite" title="tests.LoginTests_new"
                           class="method navigator-link" hash-for-method="loginTest_CorrectCredentials_LoggedToApp">loginTest_CorrectCredentials_LoggedToApp</a>
                          <!-- method navigator-link -->
                      </span>
                                    <br/>
                                    <span>
                        <img src="failed.png" width="3%"/>
                        <a href="#" panel-name="suite-Master_Suite" title="tests.LoginTests"
                           class="method navigator-link"
                           hash-for-method="loginTest_CorrectCredentials_LoggedToApp(testpro.user02@testpro.io, te$t$tudent02)">loginTest_CorrectCredentials_LoggedToApp(testpro.user02@testpro.io, te$t$tudent02)</a>
                                        <!-- method navigator-link -->
                      </span>
                                    <br/>
                                    <span>
                        <img src="failed.png" width="3%"/>
                        <a href="#" panel-name="suite-Master_Suite" title="tests.LoginTests_new"
                           class="method navigator-link"
                           hash-for-method="loginTest_IncorrectCredentials_NotLoggedToApp">loginTest_IncorrectCredentials_NotLoggedToApp</a>
                                        <!-- method navigator-link -->
                      </span>
                                    <br/>
                                    <span>
                        <img src="failed.png" width="3%"/>
                        <a href="#" panel-name="suite-Master_Suite" title="tests.LoginTests"
                           class="method navigator-link"
                           hash-for-method="loginTest_IncorrectCredentials_NotLoggedToApp(testpro.user02@testpro.io, ********)">loginTest_IncorrectCredentials_NotLoggedToApp(testpro.user02@testpro.io, ********)</a>
                                        <!-- method navigator-link -->
                      </span>
                                    <br/>
                                </div> <!-- method-list-content failed suite-Master_Suite -->
                            </li>
                            <li>
                                <span class="method-list-title skipped">Retried methods</span>
                                <span class="show-or-hide-methods skipped">
                      <a href="#" panel-name="suite-Master_Suite" class="hide-methods skipped suite-Master_Suite"> (hide)</a>
                                    <!-- hide-methods skipped suite-Master_Suite -->
                      <a href="#" panel-name="suite-Master_Suite" class="show-methods skipped suite-Master_Suite"> (show)</a>
                                    <!-- show-methods skipped suite-Master_Suite -->
                    </span>
                                <div class="method-list-content skipped suite-Master_Suite">
                      <span>
                        <img src="skipped.png" width="3%"/>
                        <a href="#" panel-name="suite-Master_Suite" title="tests.LoginTests"
                           class="method navigator-link"
                           hash-for-method="loginTest_IncorrectCredentials_NotLoggedToApp(testpro.user02@testpro.io, ********)">loginTest_IncorrectCredentials_NotLoggedToApp(testpro.user02@testpro.io, ********)</a>
                          <!-- method navigator-link -->
                      </span>
                                    <br/>
                                    <span>
                        <img src="skipped.png" width="3%"/>
                        <a href="#" panel-name="suite-Master_Suite" title="tests.LoginTests"
                           class="method navigator-link"
                           hash-for-method="loginTest_IncorrectCredentials_NotLoggedToApp(testpro.user02@testpro.io, ********)">loginTest_IncorrectCredentials_NotLoggedToApp(testpro.user02@testpro.io, ********)</a>
                                        <!-- method navigator-link -->
                      </span>
                                    <br/>
                                    <span>
                        <img src="skipped.png" width="3%"/>
                        <a href="#" panel-name="suite-Master_Suite" title="tests.LoginTests"
                           class="method navigator-link"
                           hash-for-method="loginTest_IncorrectCredentials_NotLoggedToApp(testpro.user02@testpro.io, ********)">loginTest_IncorrectCredentials_NotLoggedToApp(testpro.user02@testpro.io, ********)</a>
                                        <!-- method navigator-link -->
                      </span>
                                    <br/>
                                    <span>
                        <img src="skipped.png" width="3%"/>
                        <a href="#" panel-name="suite-Master_Suite" title="tests.LoginTests"
                           class="method navigator-link"
                           hash-for-method="loginTest_IncorrectCredentials_NotLoggedToApp(testpro.user02@testpro.io, ********)">loginTest_IncorrectCredentials_NotLoggedToApp(testpro.user02@testpro.io, ********)</a>
                                        <!-- method navigator-link -->
                      </span>
                                    <br/>
                                    <span>
                        <img src="skipped.png" width="3%"/>
                        <a href="#" panel-name="suite-Master_Suite" title="tests.LoginTests"
                           class="method navigator-link"
                           hash-for-method="loginTest_IncorrectCredentials_NotLoggedToApp(testpro.user02@testpro.io, ********)">loginTest_IncorrectCredentials_NotLoggedToApp(testpro.user02@testpro.io, ********)</a>
                                        <!-- method navigator-link -->
                      </span>
                                    <br/>
                                </div> <!-- method-list-content skipped suite-Master_Suite -->
                            </li>
                        </ul>
                    </div> <!-- suite-section-content -->
                </div> <!-- result-section -->
            </div> <!-- navigator-suite-content -->
        </div> <!-- rounded-window -->
    </div> <!-- suite -->
</div> <!-- navigator-root -->
<div class="wrapper">
    <div class="main-panel-root">
        <div panel-name="suite-Master_Suite" class="panel Master_Suite">
            <div class="suite-Master_Suite-class-failed">
                <div class="main-panel-header rounded-window-top">
                    <img src="failed.png"/>
                    <span class="class-name">tests.LoginTests_new</span>
                </div> <!-- main-panel-header rounded-window-top -->
                <div class="main-panel-content rounded-window-bottom">
                    <div class="method">
                        <div class="method-content">
                            <a name="loginTest_CorrectCredentials_LoggedToApp">
                            </a> <!-- loginTest_CorrectCredentials_LoggedToApp -->
                            <span class="method-name">loginTest_CorrectCredentials_LoggedToApp</span>
                            <div class="stack-trace">org.openqa.selenium.NoSuchElementException: no such element: Unable
                                to locate element: {&quot;method&quot;:&quot;xpath&quot;,&quot;selector&quot;:&quot;//*[@type=&apos;777submit&apos;]&quot;}
                                (Session info: headless chrome=81.0.4044.129)
                                For documentation on this error, please visit:
                                https://www.seleniumhq.org/exceptions/no_such_element.html
                                Build info: version: &apos;3.141.59&apos;, revision: &apos;e82be7d358&apos;, time:
                                &apos;2018-11-14T08:17:03&apos;
                                System info: host: &apos;DESKTOP-QPPOL30&apos;, ip: &apos;192.168.1.138&apos;, os.name:
                                &apos;Windows 10&apos;, os.arch: &apos;amd64&apos;, os.version: &apos;10.0&apos;,
                                java.version: &apos;14.0.1&apos;
                                Driver info: org.openqa.selenium.chrome.ChromeDriver
                                Capabilities {acceptInsecureCerts: false, browserName: chrome, browserVersion:
                                81.0.4044.129, chrome: {chromedriverVersion: 81.0.4044.69 (6813546031a4b...,
                                userDataDir: C:\Users\Anton\AppData\Loca...}, goog:chromeOptions: {debuggerAddress:
                                localhost:53963}, javascriptEnabled: true, networkConnectionEnabled: false,
                                pageLoadStrategy: normal, platform: WINDOWS, platformName: WINDOWS, proxy: Proxy(),
                                setWindowRect: true, strictFileInteractability: false, timeouts: {implicit: 0, pageLoad:
                                300000, script: 30000}, unhandledPromptBehavior: dismiss and notify,
                                webauthn:virtualAuthenticators: true}
                                Session ID: 02ba15cff713ffd6d882d0c0ca4abd8b
                                *** Element info: {Using=xpath, value=//*[@type=&apos;777submit&apos;]}
                                at
                                org.openqa.selenium.remote.http.W3CHttpResponseCodec.createException(W3CHttpResponseCodec.java:187)
                                at
                                org.openqa.selenium.remote.http.W3CHttpResponseCodec.decode(W3CHttpResponseCodec.java:122)
                                at
                                org.openqa.selenium.remote.http.W3CHttpResponseCodec.decode(W3CHttpResponseCodec.java:49)
                                at org.openqa.selenium.remote.HttpCommandExecutor.execute(HttpCommandExecutor.java:158)
                                at
                                org.openqa.selenium.remote.service.DriverCommandExecutor.execute(DriverCommandExecutor.java:83)
                                at org.openqa.selenium.remote.RemoteWebDriver.execute(RemoteWebDriver.java:552)
                                at org.openqa.selenium.remote.RemoteWebDriver.findElement(RemoteWebDriver.java:323)
                                at
                                org.openqa.selenium.remote.RemoteWebDriver.findElementByXPath(RemoteWebDriver.java:428)
                                at org.openqa.selenium.By$ByXPath.findElement(By.java:353)
                                at org.openqa.selenium.remote.RemoteWebDriver.findElement(RemoteWebDriver.java:315)
                                at pageObjects.LoginPage.getLoginButton(LoginPage.java:25)
                                at pageObjects.LoginPage.login(LoginPage.java:31)
                                at tests.LoginTests_new.loginTest_CorrectCredentials_LoggedToApp(LoginTests_new.java:15)
                                at
                                java.base/java.util.concurrent.ThreadPoolExecutor.runWorker(ThreadPoolExecutor.java:1130)
                                at
                                java.base/java.util.concurrent.ThreadPoolExecutor$Worker.run(ThreadPoolExecutor.java:630)
                                at java.base/java.lang.Thread.run(Thread.java:832)
                                ... Removed 17 stack frames
                            </div> <!-- stack-trace -->
                        </div> <!-- method-content -->
                    </div> <!-- method -->
                    <div class="method">
                        <div class="method-content">
                            <a name="loginTest_IncorrectCredentials_NotLoggedToApp">
                            </a> <!-- loginTest_IncorrectCredentials_NotLoggedToApp -->
                            <span class="method-name">loginTest_IncorrectCredentials_NotLoggedToApp</span>
                            <div class="stack-trace">org.openqa.selenium.NoSuchElementException: no such element: Unable
                                to locate element: {&quot;method&quot;:&quot;xpath&quot;,&quot;selector&quot;:&quot;//*[@type=&apos;777submit&apos;]&quot;}
                                (Session info: headless chrome=81.0.4044.129)
                                For documentation on this error, please visit:
                                https://www.seleniumhq.org/exceptions/no_such_element.html
                                Build info: version: &apos;3.141.59&apos;, revision: &apos;e82be7d358&apos;, time:
                                &apos;2018-11-14T08:17:03&apos;
                                System info: host: &apos;DESKTOP-QPPOL30&apos;, ip: &apos;192.168.1.138&apos;, os.name:
                                &apos;Windows 10&apos;, os.arch: &apos;amd64&apos;, os.version: &apos;10.0&apos;,
                                java.version: &apos;14.0.1&apos;
                                Driver info: org.openqa.selenium.chrome.ChromeDriver
                                Capabilities {acceptInsecureCerts: false, browserName: chrome, browserVersion:
                                81.0.4044.129, chrome: {chromedriverVersion: 81.0.4044.69 (6813546031a4b...,
                                userDataDir: C:\Users\Anton\AppData\Loca...}, goog:chromeOptions: {debuggerAddress:
                                localhost:53993}, javascriptEnabled: true, networkConnectionEnabled: false,
                                pageLoadStrategy: normal, platform: WINDOWS, platformName: WINDOWS, proxy: Proxy(),
                                setWindowRect: true, strictFileInteractability: false, timeouts: {implicit: 0, pageLoad:
                                300000, script: 30000}, unhandledPromptBehavior: dismiss and notify,
                                webauthn:virtualAuthenticators: true}
                                Session ID: 734da819a69b1aae504774b7bcbd0f13
                                *** Element info: {Using=xpath, value=//*[@type=&apos;777submit&apos;]}
                                at
                                org.openqa.selenium.remote.http.W3CHttpResponseCodec.createException(W3CHttpResponseCodec.java:187)
                                at
                                org.openqa.selenium.remote.http.W3CHttpResponseCodec.decode(W3CHttpResponseCodec.java:122)
                                at
                                org.openqa.selenium.remote.http.W3CHttpResponseCodec.decode(W3CHttpResponseCodec.java:49)
                                at org.openqa.selenium.remote.HttpCommandExecutor.execute(HttpCommandExecutor.java:158)
                                at
                                org.openqa.selenium.remote.service.DriverCommandExecutor.execute(DriverCommandExecutor.java:83)
                                at org.openqa.selenium.remote.RemoteWebDriver.execute(RemoteWebDriver.java:552)
                                at org.openqa.selenium.remote.RemoteWebDriver.findElement(RemoteWebDriver.java:323)
                                at
                                org.openqa.selenium.remote.RemoteWebDriver.findElementByXPath(RemoteWebDriver.java:428)
                                at org.openqa.selenium.By$ByXPath.findElement(By.java:353)
                                at org.openqa.selenium.remote.RemoteWebDriver.findElement(RemoteWebDriver.java:315)
                                at pageObjects.LoginPage.getLoginButton(LoginPage.java:25)
                                at pageObjects.LoginPage.login(LoginPage.java:31)
                                at
                                tests.LoginTests_new.loginTest_IncorrectCredentials_NotLoggedToApp(LoginTests_new.java:24)
                                at
                                java.base/java.util.concurrent.ThreadPoolExecutor.runWorker(ThreadPoolExecutor.java:1130)
                                at
                                java.base/java.util.concurrent.ThreadPoolExecutor$Worker.run(ThreadPoolExecutor.java:630)
                                at java.base/java.lang.Thread.run(Thread.java:832)
                                ... Removed 17 stack frames
                            </div> <!-- stack-trace -->
                        </div> <!-- method-content -->
                    </div> <!-- method -->
                </div> <!-- main-panel-content rounded-window-bottom -->
            </div> <!-- suite-Master_Suite-class-failed -->
            <div class="suite-Master_Suite-class-failed">
                <div class="main-panel-header rounded-window-top">
                    <img src="failed.png"/>
                    <span class="class-name">tests.LoginTests</span>
                </div> <!-- main-panel-header rounded-window-top -->
                <div class="main-panel-content rounded-window-bottom">
                    <div class="method">
                        <div class="method-content">
                            <a name="loginTest_CorrectCredentials_LoggedToApp(testpro.user02@testpro.io, te$t$tudent02)">
                            </a>
                            <!-- loginTest_CorrectCredentials_LoggedToApp(testpro.user02@testpro.io, te$t$tudent02) -->
                            <span class="method-name">loginTest_CorrectCredentials_LoggedToApp</span>
                            <span class="parameters">(testpro.user02@testpro.io, te$t$tudent02)</span>
                            <div class="stack-trace">org.openqa.selenium.NoSuchElementException: no such element: Unable
                                to locate element: {&quot;method&quot;:&quot;xpath&quot;,&quot;selector&quot;:&quot;//*[@type=&apos;777submit&apos;]&quot;}
                                (Session info: headless chrome=81.0.4044.129)
                                For documentation on this error, please visit:
                                https://www.seleniumhq.org/exceptions/no_such_element.html
                                Build info: version: &apos;3.141.59&apos;, revision: &apos;e82be7d358&apos;, time:
                                &apos;2018-11-14T08:17:03&apos;
                                System info: host: &apos;DESKTOP-QPPOL30&apos;, ip: &apos;192.168.1.138&apos;, os.name:
                                &apos;Windows 10&apos;, os.arch: &apos;amd64&apos;, os.version: &apos;10.0&apos;,
                                java.version: &apos;14.0.1&apos;
                                Driver info: org.openqa.selenium.chrome.ChromeDriver
                                Capabilities {acceptInsecureCerts: false, browserName: chrome, browserVersion:
                                81.0.4044.129, chrome: {chromedriverVersion: 81.0.4044.69 (6813546031a4b...,
                                userDataDir: C:\Users\Anton\AppData\Loca...}, goog:chromeOptions: {debuggerAddress:
                                localhost:53962}, javascriptEnabled: true, networkConnectionEnabled: false,
                                pageLoadStrategy: normal, platform: WINDOWS, platformName: WINDOWS, proxy: Proxy(),
                                setWindowRect: true, strictFileInteractability: false, timeouts: {implicit: 0, pageLoad:
                                300000, script: 30000}, unhandledPromptBehavior: dismiss and notify,
                                webauthn:virtualAuthenticators: true}
                                Session ID: e3be1521430e63bc5dd31cfc21f5fd62
                                *** Element info: {Using=xpath, value=//*[@type=&apos;777submit&apos;]}
                                at
                                org.openqa.selenium.remote.http.W3CHttpResponseCodec.createException(W3CHttpResponseCodec.java:187)
                                at
                                org.openqa.selenium.remote.http.W3CHttpResponseCodec.decode(W3CHttpResponseCodec.java:122)
                                at
                                org.openqa.selenium.remote.http.W3CHttpResponseCodec.decode(W3CHttpResponseCodec.java:49)
                                at org.openqa.selenium.remote.HttpCommandExecutor.execute(HttpCommandExecutor.java:158)
                                at
                                org.openqa.selenium.remote.service.DriverCommandExecutor.execute(DriverCommandExecutor.java:83)
                                at org.openqa.selenium.remote.RemoteWebDriver.execute(RemoteWebDriver.java:552)
                                at org.openqa.selenium.remote.RemoteWebDriver.findElement(RemoteWebDriver.java:323)
                                at
                                org.openqa.selenium.remote.RemoteWebDriver.findElementByXPath(RemoteWebDriver.java:428)
                                at org.openqa.selenium.By$ByXPath.findElement(By.java:353)
                                at org.openqa.selenium.remote.RemoteWebDriver.findElement(RemoteWebDriver.java:315)
                                at pageObjects.LoginPage.getLoginButton(LoginPage.java:25)
                                at pageObjects.LoginPage.login(LoginPage.java:31)
                                at tests.LoginTests.loginTest_CorrectCredentials_LoggedToApp(LoginTests.java:19)
                                at
                                java.base/java.util.concurrent.ThreadPoolExecutor.runWorker(ThreadPoolExecutor.java:1130)
                                at
                                java.base/java.util.concurrent.ThreadPoolExecutor$Worker.run(ThreadPoolExecutor.java:630)
                                at java.base/java.lang.Thread.run(Thread.java:832)
                                ... Removed 17 stack frames
                            </div> <!-- stack-trace -->
                        </div> <!-- method-content -->
                    </div> <!-- method -->
                    <div class="method">
                        <div class="method-content">
                            <a name="loginTest_IncorrectCredentials_NotLoggedToApp(testpro.user02@testpro.io, ********)">
                            </a>
                            <!-- loginTest_IncorrectCredentials_NotLoggedToApp(testpro.user02@testpro.io, ********) -->
                            <span class="method-name">loginTest_IncorrectCredentials_NotLoggedToApp</span>
                            <span class="parameters">(testpro.user02@testpro.io, ********)</span>
                            <div class="stack-trace">org.openqa.selenium.NoSuchElementException: no such element: Unable
                                to locate element: {&quot;method&quot;:&quot;xpath&quot;,&quot;selector&quot;:&quot;//*[@type=&apos;777submit&apos;]&quot;}
                                (Session info: headless chrome=81.0.4044.129)
                                For documentation on this error, please visit:
                                https://www.seleniumhq.org/exceptions/no_such_element.html
                                Build info: version: &apos;3.141.59&apos;, revision: &apos;e82be7d358&apos;, time:
                                &apos;2018-11-14T08:17:03&apos;
                                System info: host: &apos;DESKTOP-QPPOL30&apos;, ip: &apos;192.168.1.138&apos;, os.name:
                                &apos;Windows 10&apos;, os.arch: &apos;amd64&apos;, os.version: &apos;10.0&apos;,
                                java.version: &apos;14.0.1&apos;
                                Driver info: org.openqa.selenium.chrome.ChromeDriver
                                Capabilities {acceptInsecureCerts: false, browserName: chrome, browserVersion:
                                81.0.4044.129, chrome: {chromedriverVersion: 81.0.4044.69 (6813546031a4b...,
                                userDataDir: C:\Users\Anton\AppData\Loca...}, goog:chromeOptions: {debuggerAddress:
                                localhost:54086}, javascriptEnabled: true, networkConnectionEnabled: false,
                                pageLoadStrategy: normal, platform: WINDOWS, platformName: WINDOWS, proxy: Proxy(),
                                setWindowRect: true, strictFileInteractability: false, timeouts: {implicit: 0, pageLoad:
                                300000, script: 30000}, unhandledPromptBehavior: dismiss and notify,
                                webauthn:virtualAuthenticators: true}
                                Session ID: 146408858fdff252b48faddea8ecce7f
                                *** Element info: {Using=xpath, value=//*[@type=&apos;777submit&apos;]}
                                at
                                org.openqa.selenium.remote.http.W3CHttpResponseCodec.createException(W3CHttpResponseCodec.java:187)
                                at
                                org.openqa.selenium.remote.http.W3CHttpResponseCodec.decode(W3CHttpResponseCodec.java:122)
                                at
                                org.openqa.selenium.remote.http.W3CHttpResponseCodec.decode(W3CHttpResponseCodec.java:49)
                                at org.openqa.selenium.remote.HttpCommandExecutor.execute(HttpCommandExecutor.java:158)
                                at
                                org.openqa.selenium.remote.service.DriverCommandExecutor.execute(DriverCommandExecutor.java:83)
                                at org.openqa.selenium.remote.RemoteWebDriver.execute(RemoteWebDriver.java:552)
                                at org.openqa.selenium.remote.RemoteWebDriver.findElement(RemoteWebDriver.java:323)
                                at
                                org.openqa.selenium.remote.RemoteWebDriver.findElementByXPath(RemoteWebDriver.java:428)
                                at org.openqa.selenium.By$ByXPath.findElement(By.java:353)
                                at org.openqa.selenium.remote.RemoteWebDriver.findElement(RemoteWebDriver.java:315)
                                at pageObjects.LoginPage.getLoginButton(LoginPage.java:25)
                                at pageObjects.LoginPage.login(LoginPage.java:31)
                                at tests.LoginTests.loginTest_IncorrectCredentials_NotLoggedToApp(LoginTests.java:29)
                                at
                                java.base/java.util.concurrent.ThreadPoolExecutor.runWorker(ThreadPoolExecutor.java:1130)
                                at
                                java.base/java.util.concurrent.ThreadPoolExecutor$Worker.run(ThreadPoolExecutor.java:630)
                                at java.base/java.lang.Thread.run(Thread.java:832)
                                ... Removed 17 stack frames
                            </div> <!-- stack-trace -->
                        </div> <!-- method-content -->
                    </div> <!-- method -->
                </div> <!-- main-panel-content rounded-window-bottom -->
            </div> <!-- suite-Master_Suite-class-failed -->
            <div class="suite-Master_Suite-class-skipped">
                <div class="main-panel-header rounded-window-top">
                    <img src="skipped.png"/>
                    <span class="class-name">tests.LoginTests</span>
                </div> <!-- main-panel-header rounded-window-top -->
                <div class="main-panel-content rounded-window-bottom">
                    <div class="method">
                        <div class="method-content">
                            <a name="loginTest_IncorrectCredentials_NotLoggedToApp(testpro.user02@testpro.io, ********)">
                            </a>
                            <!-- loginTest_IncorrectCredentials_NotLoggedToApp(testpro.user02@testpro.io, ********) -->
                            <span class="method-name">loginTest_IncorrectCredentials_NotLoggedToApp</span>
                            <span class="parameters">(testpro.user02@testpro.io, ********)</span>
                            <div class="stack-trace">org.openqa.selenium.NoSuchElementException: no such element: Unable
                                to locate element: {&quot;method&quot;:&quot;xpath&quot;,&quot;selector&quot;:&quot;//*[@type=&apos;777submit&apos;]&quot;}
                                (Session info: headless chrome=81.0.4044.129)
                                For documentation on this error, please visit:
                                https://www.seleniumhq.org/exceptions/no_such_element.html
                                Build info: version: &apos;3.141.59&apos;, revision: &apos;e82be7d358&apos;, time:
                                &apos;2018-11-14T08:17:03&apos;
                                System info: host: &apos;DESKTOP-QPPOL30&apos;, ip: &apos;192.168.1.138&apos;, os.name:
                                &apos;Windows 10&apos;, os.arch: &apos;amd64&apos;, os.version: &apos;10.0&apos;,
                                java.version: &apos;14.0.1&apos;
                                Driver info: org.openqa.selenium.chrome.ChromeDriver
                                Capabilities {acceptInsecureCerts: false, browserName: chrome, browserVersion:
                                81.0.4044.129, chrome: {chromedriverVersion: 81.0.4044.69 (6813546031a4b...,
                                userDataDir: C:\Users\Anton\AppData\Loca...}, goog:chromeOptions: {debuggerAddress:
                                localhost:54067}, javascriptEnabled: true, networkConnectionEnabled: false,
                                pageLoadStrategy: normal, platform: WINDOWS, platformName: WINDOWS, proxy: Proxy(),
                                setWindowRect: true, strictFileInteractability: false, timeouts: {implicit: 0, pageLoad:
                                300000, script: 30000}, unhandledPromptBehavior: dismiss and notify,
                                webauthn:virtualAuthenticators: true}
                                Session ID: 98d10f43558d796bae81ada02fad669e
                                *** Element info: {Using=xpath, value=//*[@type=&apos;777submit&apos;]}
                                at
                                org.openqa.selenium.remote.http.W3CHttpResponseCodec.createException(W3CHttpResponseCodec.java:187)
                                at
                                org.openqa.selenium.remote.http.W3CHttpResponseCodec.decode(W3CHttpResponseCodec.java:122)
                                at
                                org.openqa.selenium.remote.http.W3CHttpResponseCodec.decode(W3CHttpResponseCodec.java:49)
                                at org.openqa.selenium.remote.HttpCommandExecutor.execute(HttpCommandExecutor.java:158)
                                at
                                org.openqa.selenium.remote.service.DriverCommandExecutor.execute(DriverCommandExecutor.java:83)
                                at org.openqa.selenium.remote.RemoteWebDriver.execute(RemoteWebDriver.java:552)
                                at org.openqa.selenium.remote.RemoteWebDriver.findElement(RemoteWebDriver.java:323)
                                at
                                org.openqa.selenium.remote.RemoteWebDriver.findElementByXPath(RemoteWebDriver.java:428)
                                at org.openqa.selenium.By$ByXPath.findElement(By.java:353)
                                at org.openqa.selenium.remote.RemoteWebDriver.findElement(RemoteWebDriver.java:315)
                                at pageObjects.LoginPage.getLoginButton(LoginPage.java:25)
                                at pageObjects.LoginPage.login(LoginPage.java:31)
                                at tests.LoginTests.loginTest_IncorrectCredentials_NotLoggedToApp(LoginTests.java:29)
                                at
                                java.base/java.util.concurrent.ThreadPoolExecutor.runWorker(ThreadPoolExecutor.java:1130)
                                at
                                java.base/java.util.concurrent.ThreadPoolExecutor$Worker.run(ThreadPoolExecutor.java:630)
                                at java.base/java.lang.Thread.run(Thread.java:832)
                                ... Removed 17 stack frames
                            </div> <!-- stack-trace -->
                        </div> <!-- method-content -->
                    </div> <!-- method -->
                    <div class="method">
                        <div class="method-content">
                            <a name="loginTest_IncorrectCredentials_NotLoggedToApp(testpro.user02@testpro.io, ********)">
                            </a>
                            <!-- loginTest_IncorrectCredentials_NotLoggedToApp(testpro.user02@testpro.io, ********) -->
                            <span class="method-name">loginTest_IncorrectCredentials_NotLoggedToApp</span>
                            <span class="parameters">(testpro.user02@testpro.io, ********)</span>
                            <div class="stack-trace">org.openqa.selenium.NoSuchElementException: no such element: Unable
                                to locate element: {&quot;method&quot;:&quot;xpath&quot;,&quot;selector&quot;:&quot;//*[@type=&apos;777submit&apos;]&quot;}
                                (Session info: headless chrome=81.0.4044.129)
                                For documentation on this error, please visit:
                                https://www.seleniumhq.org/exceptions/no_such_element.html
                                Build info: version: &apos;3.141.59&apos;, revision: &apos;e82be7d358&apos;, time:
                                &apos;2018-11-14T08:17:03&apos;
                                System info: host: &apos;DESKTOP-QPPOL30&apos;, ip: &apos;192.168.1.138&apos;, os.name:
                                &apos;Windows 10&apos;, os.arch: &apos;amd64&apos;, os.version: &apos;10.0&apos;,
                                java.version: &apos;14.0.1&apos;
                                Driver info: org.openqa.selenium.chrome.ChromeDriver
                                Capabilities {acceptInsecureCerts: false, browserName: chrome, browserVersion:
                                81.0.4044.129, chrome: {chromedriverVersion: 81.0.4044.69 (6813546031a4b...,
                                userDataDir: C:\Users\Anton\AppData\Loca...}, goog:chromeOptions: {debuggerAddress:
                                localhost:54053}, javascriptEnabled: true, networkConnectionEnabled: false,
                                pageLoadStrategy: normal, platform: WINDOWS, platformName: WINDOWS, proxy: Proxy(),
                                setWindowRect: true, strictFileInteractability: false, timeouts: {implicit: 0, pageLoad:
                                300000, script: 30000}, unhandledPromptBehavior: dismiss and notify,
                                webauthn:virtualAuthenticators: true}
                                Session ID: db52d2348966fe1c01eb5bb80c2af242
                                *** Element info: {Using=xpath, value=//*[@type=&apos;777submit&apos;]}
                                at
                                org.openqa.selenium.remote.http.W3CHttpResponseCodec.createException(W3CHttpResponseCodec.java:187)
                                at
                                org.openqa.selenium.remote.http.W3CHttpResponseCodec.decode(W3CHttpResponseCodec.java:122)
                                at
                                org.openqa.selenium.remote.http.W3CHttpResponseCodec.decode(W3CHttpResponseCodec.java:49)
                                at org.openqa.selenium.remote.HttpCommandExecutor.execute(HttpCommandExecutor.java:158)
                                at
                                org.openqa.selenium.remote.service.DriverCommandExecutor.execute(DriverCommandExecutor.java:83)
                                at org.openqa.selenium.remote.RemoteWebDriver.execute(RemoteWebDriver.java:552)
                                at org.openqa.selenium.remote.RemoteWebDriver.findElement(RemoteWebDriver.java:323)
                                at
                                org.openqa.selenium.remote.RemoteWebDriver.findElementByXPath(RemoteWebDriver.java:428)
                                at org.openqa.selenium.By$ByXPath.findElement(By.java:353)
                                at org.openqa.selenium.remote.RemoteWebDriver.findElement(RemoteWebDriver.java:315)
                                at pageObjects.LoginPage.getLoginButton(LoginPage.java:25)
                                at pageObjects.LoginPage.login(LoginPage.java:31)
                                at tests.LoginTests.loginTest_IncorrectCredentials_NotLoggedToApp(LoginTests.java:29)
                                at
                                java.base/java.util.concurrent.ThreadPoolExecutor.runWorker(ThreadPoolExecutor.java:1130)
                                at
                                java.base/java.util.concurrent.ThreadPoolExecutor$Worker.run(ThreadPoolExecutor.java:630)
                                at java.base/java.lang.Thread.run(Thread.java:832)
                                ... Removed 17 stack frames
                            </div> <!-- stack-trace -->
                        </div> <!-- method-content -->
                    </div> <!-- method -->
                    <div class="method">
                        <div class="method-content">
                            <a name="loginTest_IncorrectCredentials_NotLoggedToApp(testpro.user02@testpro.io, ********)">
                            </a>
                            <!-- loginTest_IncorrectCredentials_NotLoggedToApp(testpro.user02@testpro.io, ********) -->
                            <span class="method-name">loginTest_IncorrectCredentials_NotLoggedToApp</span>
                            <span class="parameters">(testpro.user02@testpro.io, ********)</span>
                            <div class="stack-trace">org.openqa.selenium.NoSuchElementException: no such element: Unable
                                to locate element: {&quot;method&quot;:&quot;xpath&quot;,&quot;selector&quot;:&quot;//*[@type=&apos;777submit&apos;]&quot;}
                                (Session info: headless chrome=81.0.4044.129)
                                For documentation on this error, please visit:
                                https://www.seleniumhq.org/exceptions/no_such_element.html
                                Build info: version: &apos;3.141.59&apos;, revision: &apos;e82be7d358&apos;, time:
                                &apos;2018-11-14T08:17:03&apos;
                                System info: host: &apos;DESKTOP-QPPOL30&apos;, ip: &apos;192.168.1.138&apos;, os.name:
                                &apos;Windows 10&apos;, os.arch: &apos;amd64&apos;, os.version: &apos;10.0&apos;,
                                java.version: &apos;14.0.1&apos;
                                Driver info: org.openqa.selenium.chrome.ChromeDriver
                                Capabilities {acceptInsecureCerts: false, browserName: chrome, browserVersion:
                                81.0.4044.129, chrome: {chromedriverVersion: 81.0.4044.69 (6813546031a4b...,
                                userDataDir: C:\Users\Anton\AppData\Loca...}, goog:chromeOptions: {debuggerAddress:
                                localhost:53992}, javascriptEnabled: true, networkConnectionEnabled: false,
                                pageLoadStrategy: normal, platform: WINDOWS, platformName: WINDOWS, proxy: Proxy(),
                                setWindowRect: true, strictFileInteractability: false, timeouts: {implicit: 0, pageLoad:
                                300000, script: 30000}, unhandledPromptBehavior: dismiss and notify,
                                webauthn:virtualAuthenticators: true}
                                Session ID: 3dca194ffc47b93807cce29dd88de0c0
                                *** Element info: {Using=xpath, value=//*[@type=&apos;777submit&apos;]}
                                at
                                org.openqa.selenium.remote.http.W3CHttpResponseCodec.createException(W3CHttpResponseCodec.java:187)
                                at
                                org.openqa.selenium.remote.http.W3CHttpResponseCodec.decode(W3CHttpResponseCodec.java:122)
                                at
                                org.openqa.selenium.remote.http.W3CHttpResponseCodec.decode(W3CHttpResponseCodec.java:49)
                                at org.openqa.selenium.remote.HttpCommandExecutor.execute(HttpCommandExecutor.java:158)
                                at
                                org.openqa.selenium.remote.service.DriverCommandExecutor.execute(DriverCommandExecutor.java:83)
                                at org.openqa.selenium.remote.RemoteWebDriver.execute(RemoteWebDriver.java:552)
                                at org.openqa.selenium.remote.RemoteWebDriver.findElement(RemoteWebDriver.java:323)
                                at
                                org.openqa.selenium.remote.RemoteWebDriver.findElementByXPath(RemoteWebDriver.java:428)
                                at org.openqa.selenium.By$ByXPath.findElement(By.java:353)
                                at org.openqa.selenium.remote.RemoteWebDriver.findElement(RemoteWebDriver.java:315)
                                at pageObjects.LoginPage.getLoginButton(LoginPage.java:25)
                                at pageObjects.LoginPage.login(LoginPage.java:31)
                                at tests.LoginTests.loginTest_IncorrectCredentials_NotLoggedToApp(LoginTests.java:29)
                                at
                                java.base/java.util.concurrent.ThreadPoolExecutor.runWorker(ThreadPoolExecutor.java:1130)
                                at
                                java.base/java.util.concurrent.ThreadPoolExecutor$Worker.run(ThreadPoolExecutor.java:630)
                                at java.base/java.lang.Thread.run(Thread.java:832)
                                ... Removed 17 stack frames
                            </div> <!-- stack-trace -->
                        </div> <!-- method-content -->
                    </div> <!-- method -->
                    <div class="method">
                        <div class="method-content">
                            <a name="loginTest_IncorrectCredentials_NotLoggedToApp(testpro.user02@testpro.io, ********)">
                            </a>
                            <!-- loginTest_IncorrectCredentials_NotLoggedToApp(testpro.user02@testpro.io, ********) -->
                            <span class="method-name">loginTest_IncorrectCredentials_NotLoggedToApp</span>
                            <span class="parameters">(testpro.user02@testpro.io, ********)</span>
                            <div class="stack-trace">org.openqa.selenium.NoSuchElementException: no such element: Unable
                                to locate element: {&quot;method&quot;:&quot;xpath&quot;,&quot;selector&quot;:&quot;//*[@type=&apos;777submit&apos;]&quot;}
                                (Session info: headless chrome=81.0.4044.129)
                                For documentation on this error, please visit:
                                https://www.seleniumhq.org/exceptions/no_such_element.html
                                Build info: version: &apos;3.141.59&apos;, revision: &apos;e82be7d358&apos;, time:
                                &apos;2018-11-14T08:17:03&apos;
                                System info: host: &apos;DESKTOP-QPPOL30&apos;, ip: &apos;192.168.1.138&apos;, os.name:
                                &apos;Windows 10&apos;, os.arch: &apos;amd64&apos;, os.version: &apos;10.0&apos;,
                                java.version: &apos;14.0.1&apos;
                                Driver info: org.openqa.selenium.chrome.ChromeDriver
                                Capabilities {acceptInsecureCerts: false, browserName: chrome, browserVersion:
                                81.0.4044.129, chrome: {chromedriverVersion: 81.0.4044.69 (6813546031a4b...,
                                userDataDir: C:\Users\Anton\AppData\Loca...}, goog:chromeOptions: {debuggerAddress:
                                localhost:54035}, javascriptEnabled: true, networkConnectionEnabled: false,
                                pageLoadStrategy: normal, platform: WINDOWS, platformName: WINDOWS, proxy: Proxy(),
                                setWindowRect: true, strictFileInteractability: false, timeouts: {implicit: 0, pageLoad:
                                300000, script: 30000}, unhandledPromptBehavior: dismiss and notify,
                                webauthn:virtualAuthenticators: true}
                                Session ID: 945e100636e2f99b78057bd1cad13513
                                *** Element info: {Using=xpath, value=//*[@type=&apos;777submit&apos;]}
                                at
                                org.openqa.selenium.remote.http.W3CHttpResponseCodec.createException(W3CHttpResponseCodec.java:187)
                                at
                                org.openqa.selenium.remote.http.W3CHttpResponseCodec.decode(W3CHttpResponseCodec.java:122)
                                at
                                org.openqa.selenium.remote.http.W3CHttpResponseCodec.decode(W3CHttpResponseCodec.java:49)
                                at org.openqa.selenium.remote.HttpCommandExecutor.execute(HttpCommandExecutor.java:158)
                                at
                                org.openqa.selenium.remote.service.DriverCommandExecutor.execute(DriverCommandExecutor.java:83)
                                at org.openqa.selenium.remote.RemoteWebDriver.execute(RemoteWebDriver.java:552)
                                at org.openqa.selenium.remote.RemoteWebDriver.findElement(RemoteWebDriver.java:323)
                                at
                                org.openqa.selenium.remote.RemoteWebDriver.findElementByXPath(RemoteWebDriver.java:428)
                                at org.openqa.selenium.By$ByXPath.findElement(By.java:353)
                                at org.openqa.selenium.remote.RemoteWebDriver.findElement(RemoteWebDriver.java:315)
                                at pageObjects.LoginPage.getLoginButton(LoginPage.java:25)
                                at pageObjects.LoginPage.login(LoginPage.java:31)
                                at tests.LoginTests.loginTest_IncorrectCredentials_NotLoggedToApp(LoginTests.java:29)
                                at
                                java.base/java.util.concurrent.ThreadPoolExecutor.runWorker(ThreadPoolExecutor.java:1130)
                                at
                                java.base/java.util.concurrent.ThreadPoolExecutor$Worker.run(ThreadPoolExecutor.java:630)
                                at java.base/java.lang.Thread.run(Thread.java:832)
                                ... Removed 17 stack frames
                            </div> <!-- stack-trace -->
                        </div> <!-- method-content -->
                    </div> <!-- method -->
                    <div class="method">
                        <div class="method-content">
                            <a name="loginTest_IncorrectCredentials_NotLoggedToApp(testpro.user02@testpro.io, ********)">
                            </a>
                            <!-- loginTest_IncorrectCredentials_NotLoggedToApp(testpro.user02@testpro.io, ********) -->
                            <span class="method-name">loginTest_IncorrectCredentials_NotLoggedToApp</span>
                            <span class="parameters">(testpro.user02@testpro.io, ********)</span>
                            <div class="stack-trace">org.openqa.selenium.NoSuchElementException: no such element: Unable
                                to locate element: {&quot;method&quot;:&quot;xpath&quot;,&quot;selector&quot;:&quot;//*[@type=&apos;777submit&apos;]&quot;}
                                (Session info: headless chrome=81.0.4044.129)
                                For documentation on this error, please visit:
                                https://www.seleniumhq.org/exceptions/no_such_element.html
                                Build info: version: &apos;3.141.59&apos;, revision: &apos;e82be7d358&apos;, time:
                                &apos;2018-11-14T08:17:03&apos;
                                System info: host: &apos;DESKTOP-QPPOL30&apos;, ip: &apos;192.168.1.138&apos;, os.name:
                                &apos;Windows 10&apos;, os.arch: &apos;amd64&apos;, os.version: &apos;10.0&apos;,
                                java.version: &apos;14.0.1&apos;
                                Driver info: org.openqa.selenium.chrome.ChromeDriver
                                Capabilities {acceptInsecureCerts: false, browserName: chrome, browserVersion:
                                81.0.4044.129, chrome: {chromedriverVersion: 81.0.4044.69 (6813546031a4b...,
                                userDataDir: C:\Users\Anton\AppData\Loca...}, goog:chromeOptions: {debuggerAddress:
                                localhost:54022}, javascriptEnabled: true, networkConnectionEnabled: false,
                                pageLoadStrategy: normal, platform: WINDOWS, platformName: WINDOWS, proxy: Proxy(),
                                setWindowRect: true, strictFileInteractability: false, timeouts: {implicit: 0, pageLoad:
                                300000, script: 30000}, unhandledPromptBehavior: dismiss and notify,
                                webauthn:virtualAuthenticators: true}
                                Session ID: f1a8aec2ead8f216634e12274ee1c808
                                *** Element info: {Using=xpath, value=//*[@type=&apos;777submit&apos;]}
                                at
                                org.openqa.selenium.remote.http.W3CHttpResponseCodec.createException(W3CHttpResponseCodec.java:187)
                                at
                                org.openqa.selenium.remote.http.W3CHttpResponseCodec.decode(W3CHttpResponseCodec.java:122)
                                at
                                org.openqa.selenium.remote.http.W3CHttpResponseCodec.decode(W3CHttpResponseCodec.java:49)
                                at org.openqa.selenium.remote.HttpCommandExecutor.execute(HttpCommandExecutor.java:158)
                                at
                                org.openqa.selenium.remote.service.DriverCommandExecutor.execute(DriverCommandExecutor.java:83)
                                at org.openqa.selenium.remote.RemoteWebDriver.execute(RemoteWebDriver.java:552)
                                at org.openqa.selenium.remote.RemoteWebDriver.findElement(RemoteWebDriver.java:323)
                                at
                                org.openqa.selenium.remote.RemoteWebDriver.findElementByXPath(RemoteWebDriver.java:428)
                                at org.openqa.selenium.By$ByXPath.findElement(By.java:353)
                                at org.openqa.selenium.remote.RemoteWebDriver.findElement(RemoteWebDriver.java:315)
                                at pageObjects.LoginPage.getLoginButton(LoginPage.java:25)
                                at pageObjects.LoginPage.login(LoginPage.java:31)
                                at tests.LoginTests.loginTest_IncorrectCredentials_NotLoggedToApp(LoginTests.java:29)
                                at
                                java.base/java.util.concurrent.ThreadPoolExecutor.runWorker(ThreadPoolExecutor.java:1130)
                                at
                                java.base/java.util.concurrent.ThreadPoolExecutor$Worker.run(ThreadPoolExecutor.java:630)
                                at java.base/java.lang.Thread.run(Thread.java:832)
                                ... Removed 17 stack frames
                            </div> <!-- stack-trace -->
                        </div> <!-- method-content -->
                    </div> <!-- method -->
                </div> <!-- main-panel-content rounded-window-bottom -->
            </div> <!-- suite-Master_Suite-class-skipped -->
        </div> <!-- panel Master_Suite -->
        <div panel-name="test-xml-Master_Suite" class="panel">
            <div class="main-panel-header rounded-window-top">
                <span class="header-content">C:\Users\Anton\IdeaProjects\JavaCore2\testng.xml</span>
            </div> <!-- main-panel-header rounded-window-top -->
            <div class="main-panel-content rounded-window-bottom">
            <pre>
&lt;?xml version=&quot;1.0&quot; encoding=&quot;UTF-8&quot;?&gt;
&lt;!DOCTYPE suite SYSTEM &quot;https://testng.org/testng-1.0.dtd&quot;&gt;
&lt;suite thread-count=&quot;4&quot; parallel=&quot;classes&quot; name=&quot;Master Suite&quot; guice-stage=&quot;DEVELOPMENT&quot;&gt;
  &lt;parameter name=&quot;wrong-password&quot; value=&quot;********&quot;/&gt;
  &lt;parameter name=&quot;password&quot; value=&quot;te$t$tudent02&quot;/&gt;
  &lt;parameter name=&quot;playlist&quot; value=&quot;agAGagAGag&quot;/&gt;
  &lt;parameter name=&quot;email&quot; value=&quot;testpro.user02@testpro.io&quot;/&gt;
  &lt;parameter name=&quot;new-playlist&quot; value=&quot;ag20AG20ag20AG20&quot;/&gt;
  &lt;listeners&gt;
    &lt;listener class-name=&quot;listeners.Listeners&quot;/&gt;
  &lt;/listeners&gt;
  &lt;test thread-count=&quot;4&quot; parallel=&quot;classes&quot; name=&quot;All tests&quot;&gt;
    &lt;classes&gt;
      &lt;class name=&quot;tests.HomePageTests&quot;&gt;
        &lt;methods&gt;
          &lt;exclude name=&quot;homePageTest_AddPlaylist_NewPlaylistAdded&quot;/&gt;
          &lt;exclude name=&quot;homePageTest_Add5Playlists_New5PlaylistsAdded&quot;/&gt;
          &lt;exclude name=&quot;homePageTest_DeleteSimilarPlaylists_SimilarPlaylistSDeleted&quot;/&gt;
          &lt;exclude name=&quot;homePageTest_EditLastPlaylist_LastPlaylistEdited&quot;/&gt;
          &lt;exclude name=&quot;playlist_addSongToPlaylist_SongsAddedToPlaylist&quot;/&gt;
        &lt;/methods&gt;
      &lt;/class&gt; &lt;!-- tests.HomePageTests --&gt;
      &lt;class name=&quot;tests.HomePageTests_new&quot;&gt;
        &lt;methods&gt;
          &lt;exclude name=&quot;new_homePageTest_AddPlaylist_NewPlaylistAdded&quot;/&gt;
          &lt;exclude name=&quot;new_homePageTest_Add5Playlists_New5PlaylistsAdded&quot;/&gt;
          &lt;exclude name=&quot;new_homePageTest_DeleteSimilarPlaylists_SimilarPlaylistSDeleted&quot;/&gt;
          &lt;exclude name=&quot;new_homePageTest_EditLastPlaylist_LastPlaylistEdited&quot;/&gt;
          &lt;exclude name=&quot;new_playlist_addSongToPlaylist_SongsAddedToPlaylist&quot;/&gt;
        &lt;/methods&gt;
      &lt;/class&gt; &lt;!-- tests.HomePageTests_new --&gt;
      &lt;class name=&quot;tests.LoginTests&quot;&gt;
        &lt;methods&gt;
          &lt;include name=&quot;loginTest_CorrectCredentials_LoggedToApp&quot;/&gt;
          &lt;include name=&quot;loginTest_IncorrectCredentials_NotLoggedToApp&quot;/&gt;
          &lt;include name=&quot;test_Fails&quot;/&gt;
        &lt;/methods&gt;
      &lt;/class&gt; &lt;!-- tests.LoginTests --&gt;
      &lt;class name=&quot;tests.LoginTests_new&quot;&gt;
        &lt;methods&gt;
          &lt;exclude name=&quot;new_loginTest_CorrectCredentials_LoggedToApp&quot;/&gt;
          &lt;exclude name=&quot;new_loginTest_IncorrectCredentials_NotLoggedToApp&quot;/&gt;
        &lt;/methods&gt;
      &lt;/class&gt; &lt;!-- tests.LoginTests_new --&gt;
    &lt;/classes&gt;
  &lt;/test&gt; &lt;!-- All tests --&gt;
&lt;/suite&gt; &lt;!-- Master Suite --&gt;
            </pre>
            </div> <!-- main-panel-content rounded-window-bottom -->
        </div> <!-- panel -->
        <div panel-name="testlist-Master_Suite" class="panel">
            <div class="main-panel-header rounded-window-top">
                <span class="header-content">Tests for Master Suite</span>
            </div> <!-- main-panel-header rounded-window-top -->
            <div class="main-panel-content rounded-window-bottom">
                <ul>
                    <li>
                        <span class="test-name">All tests (4 classes)</span>
                    </li>
                </ul>
            </div> <!-- main-panel-content rounded-window-bottom -->
        </div> <!-- panel -->
        <div panel-name="group-Master_Suite" class="panel">
            <div class="main-panel-header rounded-window-top">
                <span class="header-content">Groups for Master Suite</span>
            </div> <!-- main-panel-header rounded-window-top -->
            <div class="main-panel-content rounded-window-bottom">
            </div> <!-- main-panel-content rounded-window-bottom -->
        </div> <!-- panel -->
        <div panel-name="times-Master_Suite" class="panel">
            <div class="main-panel-header rounded-window-top">
                <span class="header-content">Times for Master Suite</span>
            </div> <!-- main-panel-header rounded-window-top -->
            <div class="main-panel-content rounded-window-bottom">
                <div class="times-div">
                    <script type="text/javascript">
                        suiteTableInitFunctions.push('tableData_Master_Suite');

                        function tableData_Master_Suite() {
                            var data = new google.visualization.DataTable();
                            data.addColumn('number', 'Number');
                            data.addColumn('string', 'Method');
                            data.addColumn('string', 'Class');
                            data.addColumn('number', 'Time (ms)');
                            data.addRows(9);
                            data.setCell(0, 0, 0)
                            data.setCell(0, 1, 'loginTest_CorrectCredentials_LoggedToApp')
                            data.setCell(0, 2, 'tests.LoginTests_new')
                            data.setCell(0, 3, 1590);
                            data.setCell(1, 0, 1)
                            data.setCell(1, 1, 'loginTest_CorrectCredentials_LoggedToApp')
                            data.setCell(1, 2, 'tests.LoginTests')
                            data.setCell(1, 3, 1582);
                            data.setCell(2, 0, 2)
                            data.setCell(2, 1, 'loginTest_IncorrectCredentials_NotLoggedToApp')
                            data.setCell(2, 2, 'tests.LoginTests')
                            data.setCell(2, 3, 1538);
                            data.setCell(3, 0, 3)
                            data.setCell(3, 1, 'loginTest_IncorrectCredentials_NotLoggedToApp')
                            data.setCell(3, 2, 'tests.LoginTests')
                            data.setCell(3, 3, 1420);
                            data.setCell(4, 0, 4)
                            data.setCell(4, 1, 'loginTest_IncorrectCredentials_NotLoggedToApp')
                            data.setCell(4, 2, 'tests.LoginTests')
                            data.setCell(4, 3, 1373);
                            data.setCell(5, 0, 5)
                            data.setCell(5, 1, 'loginTest_IncorrectCredentials_NotLoggedToApp')
                            data.setCell(5, 2, 'tests.LoginTests')
                            data.setCell(5, 3, 1363);
                            data.setCell(6, 0, 6)
                            data.setCell(6, 1, 'loginTest_IncorrectCredentials_NotLoggedToApp')
                            data.setCell(6, 2, 'tests.LoginTests_new')
                            data.setCell(6, 3, 1308);
                            data.setCell(7, 0, 7)
                            data.setCell(7, 1, 'loginTest_IncorrectCredentials_NotLoggedToApp')
                            data.setCell(7, 2, 'tests.LoginTests')
                            data.setCell(7, 3, 1282);
                            data.setCell(8, 0, 8)
                            data.setCell(8, 1, 'loginTest_IncorrectCredentials_NotLoggedToApp')
                            data.setCell(8, 2, 'tests.LoginTests')
                            data.setCell(8, 3, 1254);
                            window.suiteTableData['Master_Suite'] = {
                                tableData: data,
                                tableDiv: 'times-div-Master_Suite'
                            }
                            return data;
                        }
                    </script>
                    <span class="suite-total-time">Total running time: 12 seconds</span>
                    <div id="times-div-Master_Suite">
                    </div> <!-- times-div-Master_Suite -->
                </div> <!-- times-div -->
            </div> <!-- main-panel-content rounded-window-bottom -->
        </div> <!-- panel -->
        <div panel-name="reporter-Master_Suite" class="panel">
            <div class="main-panel-header rounded-window-top">
                <span class="header-content">Reporter output for Master Suite</span>
            </div> <!-- main-panel-header rounded-window-top -->
            <div class="main-panel-content rounded-window-bottom">
            </div> <!-- main-panel-content rounded-window-bottom -->
        </div> <!-- panel -->
        <div panel-name="ignored-methods-Master_Suite" class="panel">
            <div class="main-panel-header rounded-window-top">
                <span class="header-content">13 ignored methods</span>
            </div> <!-- main-panel-header rounded-window-top -->
            <div class="main-panel-content rounded-window-bottom">
                <div class="ignored-class-div">
                    <span class="ignored-class-name">tests.HomePageTests</span>
                    <div class="ignored-methods-div">
                        <span class="ignored-method-name">homePageTest_EditLastPlaylist_LastPlaylistEdited</span>
                        <br/>
                        <span class="ignored-method-name">homePageTest_AddPlaylist_NewPlaylistAdded</span>
                        <br/>
                        <span class="ignored-method-name">homePageTest_DeleteSimilarPlaylists_SimilarPlaylistSDeleted</span>
                        <br/>
                        <span class="ignored-method-name">playlist_addSongToPlaylist_SongsAddedToPlaylist</span>
                        <br/>
                        <span class="ignored-method-name">homePageTest_Add5Playlists_New5PlaylistsAdded</span>
                        <br/>
                    </div> <!-- ignored-methods-div -->
                </div> <!-- ignored-class-div -->
                <div class="ignored-class-div">
                    <span class="ignored-class-name">tests.HomePageTests_new</span>
                    <div class="ignored-methods-div">
                        <span class="ignored-method-name">new_playlist_addSongToPlaylist_SongsAddedToPlaylist</span>
                        <br/>
                        <span class="ignored-method-name">new_homePageTest_AddPlaylist_NewPlaylistAdded</span>
                        <br/>
                        <span class="ignored-method-name">new_homePageTest_Add5Playlists_New5PlaylistsAdded</span>
                        <br/>
                        <span class="ignored-method-name">new_homePageTest_EditLastPlaylist_LastPlaylistEdited</span>
                        <br/>
                        <span class="ignored-method-name">new_homePageTest_DeleteSimilarPlaylists_SimilarPlaylistSDeleted</span>
                        <br/>
                    </div> <!-- ignored-methods-div -->
                </div> <!-- ignored-class-div -->
                <div class="ignored-class-div">
                    <span class="ignored-class-name">tests.LoginTests</span>
                    <div class="ignored-methods-div">
                        <span class="ignored-method-name">test_Sum</span>
                        <br/>
                        <span class="ignored-method-name">test_String_Sum</span>
                        <br/>
                        <span class="ignored-method-name">test_Fails</span>
                        <br/>
                    </div> <!-- ignored-methods-div -->
                </div> <!-- ignored-class-div -->
            </div> <!-- main-panel-content rounded-window-bottom -->
        </div> <!-- panel -->
        <div panel-name="chronological-Master_Suite" class="panel">
            <div class="main-panel-header rounded-window-top">
                <span class="header-content">Methods in chronological order</span>
            </div> <!-- main-panel-header rounded-window-top -->
            <div class="main-panel-content rounded-window-bottom">
                <div class="chronological-class">
                    <div class="chronological-class-name">tests.LoginTests</div> <!-- chronological-class-name -->
                    <div class="configuration-method before">
                        <span class="method-name">startUp</span>
                        <span class="method-start">0 ms</span>
                    </div> <!-- configuration-method before -->
                </div> <!-- chronological-class -->
                <div class="chronological-class">
                    <div class="chronological-class-name">tests.LoginTests_new</div> <!-- chronological-class-name -->
                    <div class="configuration-method before">
                        <span class="method-name">startUp</span>
                        <span class="method-start">0 ms</span>
                    </div> <!-- configuration-method before -->
                </div> <!-- chronological-class -->
                <div class="chronological-class">
                    <div class="chronological-class-name">tests.LoginTests</div> <!-- chronological-class-name -->
                    <div class="test-method">
                        <img src="failed.png">
                        </img>
                        <span class="method-name">loginTest_CorrectCredentials_LoggedToApp(testpro.user02@testpro.io, te$t$tudent02)</span>
                        <span class="method-start">3594 ms</span>
                    </div> <!-- test-method -->
                </div> <!-- chronological-class -->
                <div class="chronological-class">
                    <div class="chronological-class-name">tests.LoginTests_new</div> <!-- chronological-class-name -->
                    <div class="test-method">
                        <img src="failed.png">
                        </img>
                        <span class="method-name">loginTest_CorrectCredentials_LoggedToApp</span>
                        <span class="method-start">3594 ms</span>
                    </div> <!-- test-method -->
                </div> <!-- chronological-class -->
                <div class="chronological-class">
                    <div class="chronological-class-name">tests.LoginTests</div> <!-- chronological-class-name -->
                    <div class="configuration-method after">
                        <span class="method-name">tearDown([TestResult name=loginTest_CorrectCredentials_LoggedToApp status=FAILURE method=LoginTests.loginTest...)</span>
                        <span class="method-start">5182 ms</span>
                    </div> <!-- configuration-method after -->
                </div> <!-- chronological-class -->
                <div class="chronological-class">
                    <div class="chronological-class-name">tests.LoginTests_new</div> <!-- chronological-class-name -->
                    <div class="configuration-method after">
                        <span class="method-name">tearDown([TestResult name=loginTest_CorrectCredentials_LoggedToApp status=FAILURE method=LoginTests_new.login...)</span>
                        <span class="method-start">5187 ms</span>
                    </div> <!-- configuration-method after -->
                    <div class="configuration-method before">
                        <span class="method-name">startUp</span>
                        <span class="method-start">6039 ms</span>
                    </div> <!-- configuration-method before -->
                </div> <!-- chronological-class -->
                <div class="chronological-class">
                    <div class="chronological-class-name">tests.LoginTests</div> <!-- chronological-class-name -->
                    <div class="configuration-method before">
                        <span class="method-name">startUp</span>
                        <span class="method-start">6039 ms</span>
                    </div> <!-- configuration-method before -->
                    <div class="test-method">
                        <span class="method-name">loginTest_IncorrectCredentials_NotLoggedToApp(testpro.user02@testpro.io, ********)</span>
                        <span class="method-start">9091 ms</span>
                    </div> <!-- test-method -->
                </div> <!-- chronological-class -->
                <div class="chronological-class">
                    <div class="chronological-class-name">tests.LoginTests_new</div> <!-- chronological-class-name -->
                    <div class="test-method">
                        <img src="failed.png">
                        </img>
                        <span class="method-name">loginTest_IncorrectCredentials_NotLoggedToApp</span>
                        <span class="method-start">9093 ms</span>
                    </div> <!-- test-method -->
                    <div class="configuration-method after">
                        <span class="method-name">tearDown([TestResult name=loginTest_IncorrectCredentials_NotLoggedToApp status=FAILURE method=LoginTests_new....)</span>
                        <span class="method-start">10403 ms</span>
                    </div> <!-- configuration-method after -->
                </div> <!-- chronological-class -->
                <div class="chronological-class">
                    <div class="chronological-class-name">tests.LoginTests</div> <!-- chronological-class-name -->
                    <div class="configuration-method after">
                        <span class="method-name">tearDown([TestResult name=loginTest_IncorrectCredentials_NotLoggedToApp status=SKIP method=LoginTests.loginTe...)</span>
                        <span class="method-start">10511 ms</span>
                    </div> <!-- configuration-method after -->
                    <div class="configuration-method before">
                        <span class="method-name">startUp</span>
                        <span class="method-start">11062 ms</span>
                    </div> <!-- configuration-method before -->
                    <div class="test-method">
                        <span class="method-name">loginTest_IncorrectCredentials_NotLoggedToApp(testpro.user02@testpro.io, ********)</span>
                        <span class="method-start">14096 ms</span>
                    </div> <!-- test-method -->
                    <div class="configuration-method after">
                        <span class="method-name">tearDown([TestResult name=loginTest_IncorrectCredentials_NotLoggedToApp status=SKIP method=LoginTests.loginTe...)</span>
                        <span class="method-start">15469 ms</span>
                    </div> <!-- configuration-method after -->
                    <div class="configuration-method before">
                        <span class="method-name">startUp</span>
                        <span class="method-start">16023 ms</span>
                    </div> <!-- configuration-method before -->
                    <div class="test-method">
                        <span class="method-name">loginTest_IncorrectCredentials_NotLoggedToApp(testpro.user02@testpro.io, ********)</span>
                        <span class="method-start">19003 ms</span>
                    </div> <!-- test-method -->
                    <div class="configuration-method after">
                        <span class="method-name">tearDown([TestResult name=loginTest_IncorrectCredentials_NotLoggedToApp status=SKIP method=LoginTests.loginTe...)</span>
                        <span class="method-start">20257 ms</span>
                    </div> <!-- configuration-method after -->
                    <div class="configuration-method before">
                        <span class="method-name">startUp</span>
                        <span class="method-start">20805 ms</span>
                    </div> <!-- configuration-method before -->
                    <div class="test-method">
                        <span class="method-name">loginTest_IncorrectCredentials_NotLoggedToApp(testpro.user02@testpro.io, ********)</span>
                        <span class="method-start">23777 ms</span>
                    </div> <!-- test-method -->
                    <div class="configuration-method after">
                        <span class="method-name">tearDown([TestResult name=loginTest_IncorrectCredentials_NotLoggedToApp status=SKIP method=LoginTests.loginTe...)</span>
                        <span class="method-start">25140 ms</span>
                    </div> <!-- configuration-method after -->
                    <div class="configuration-method before">
                        <span class="method-name">startUp</span>
                        <span class="method-start">25698 ms</span>
                    </div> <!-- configuration-method before -->
                    <div class="test-method">
                        <span class="method-name">loginTest_IncorrectCredentials_NotLoggedToApp(testpro.user02@testpro.io, ********)</span>
                        <span class="method-start">28676 ms</span>
                    </div> <!-- test-method -->
                    <div class="configuration-method after">
                        <span class="method-name">tearDown([TestResult name=loginTest_IncorrectCredentials_NotLoggedToApp status=SKIP method=LoginTests.loginTe...)</span>
                        <span class="method-start">29958 ms</span>
                    </div> <!-- configuration-method after -->
                    <div class="configuration-method before">
                        <span class="method-name">startUp</span>
                        <span class="method-start">30511 ms</span>
                    </div> <!-- configuration-method before -->
                    <div class="test-method">
                        <img src="failed.png">
                        </img>
                        <span class="method-name">loginTest_IncorrectCredentials_NotLoggedToApp(testpro.user02@testpro.io, ********)</span>
                        <span class="method-start">33486 ms</span>
                    </div> <!-- test-method -->
                    <div class="configuration-method after">
                        <span class="method-name">tearDown([TestResult name=loginTest_IncorrectCredentials_NotLoggedToApp status=FAILURE method=LoginTests.logi...)</span>
                        <span class="method-start">35025 ms</span>
                    </div> <!-- configuration-method after -->
                </div> <!-- main-panel-content rounded-window-bottom -->
            </div> <!-- panel -->
        </div> <!-- main-panel-root -->
    </div> <!-- wrapper -->
</body>
</html>
